Traceback (most recent call last):
  File "/home/sc_user/.local/lib/python3.9/site-packages/jupyter_cache/executors/utils.py", line 51, in single_nb_execution
    executenb(
  File "/opt/conda/lib/python3.9/site-packages/nbclient/client.py", line 1093, in execute
    return NotebookClient(nb=nb, resources=resources, km=km, **kwargs).execute()
  File "/opt/conda/lib/python3.9/site-packages/nbclient/util.py", line 84, in wrapped
    return just_run(coro(*args, **kwargs))
  File "/opt/conda/lib/python3.9/site-packages/nbclient/util.py", line 62, in just_run
    return loop.run_until_complete(coro)
  File "/opt/conda/lib/python3.9/asyncio/base_events.py", line 642, in run_until_complete
    return future.result()
  File "/opt/conda/lib/python3.9/site-packages/nbclient/client.py", line 559, in async_execute
    await self.async_execute_cell(
  File "/opt/conda/lib/python3.9/site-packages/nbclient/client.py", line 854, in async_execute_cell
    self._check_raise_for_error(cell, exec_reply)
  File "/opt/conda/lib/python3.9/site-packages/nbclient/client.py", line 756, in _check_raise_for_error
    raise CellExecutionError.from_cell_and_msg(cell, exec_reply_content)
nbclient.exceptions.CellExecutionError: An error occurred while executing the following cell:
------------------
import numpy as np
import pandas as pd
import matplotlib.pyplot as plt
import time
%matplotlib inline
from mpl_toolkits.mplot3d import Axes3D
class Rosenbrock():
    def __init__(self):
        self.x1 = np.arange(-100, 100, 0.0001)
        self.x2 = np.arange(-100, 100, 0.0001)
        #self.x1, self.x2 = np.meshgrid(self.x1, self.x2)
        self.a = 1
        self.b = 1
        self.newton_times = 1000
        self.answers = []
        self.min_answer_z = []


    # å‡†å¤‡æ•°æ®
    def data(self):
        z = np.square(self.a - self.x1) + self.b * np.square(self.x2 - np.square(self.x1))
        #print(z.shape)
        return z

    # éšæœºç‰›é¡¿
    def snt(self,x1,x2,z,alpha):
        rand_init = np.random.randint(0,z.shape[0])
        x1_init,x2_init,z_init = x1[rand_init],x2[rand_init],z[rand_init]
        x_0 =np.array([x1_init,x2_init]).reshape((-1,1))
        #print(x_0)


        for i in range(self.newton_times):
            x_i = x_0 - np.matmul(np.linalg.inv(np.array([[12*x2_init**2-4*x2_init+2,-4*x1_init],[-4*x1_init,2]])),np.array([4*x1_init**3-4*x1_init*x2_init+2*x1_init-2,-2*x1_init**2+2*x2_init]).reshape((-1,1)))
            x_0 = x_i
            x1_init = x_0[0,0]
            x2_init = x_0[1,0]
        answer = x_0
        return answer


    # ç»˜å›¾
    def plot_data(self,min_x1,min_x2,min_z):
        x1 = np.arange(-100, 100, 0.1)
        x2 = np.arange(-100, 100, 0.1)
        x1, x2 = np.meshgrid(x1, x2)
        a = 1
        b = 1
        z = np.square(a - x1) + b * np.square(x2 - np.square(x1))
        fig4 = plt.figure()
        ax4 = plt.axes(projection='3d')
        ax4.plot_surface(x1, x2, z, alpha=0.3, cmap='winter')  # ç”Ÿæˆè¡¨é¢ï¼Œ alpha ç”¨äºæ§åˆ¶é€æ˜åº¦
        ax4.contour(x1, x2, z, zdir='z', offset=-3, cmap="rainbow")  # ç”Ÿæˆzæ–¹å‘æŠ•å½±ï¼ŒæŠ•åˆ°x-yå¹³é¢
        ax4.contour(x1, x2, z, zdir='x', offset=-6, cmap="rainbow")  # ç”Ÿæˆxæ–¹å‘æŠ•å½±ï¼ŒæŠ•åˆ°y-zå¹³é¢
        ax4.contour(x1, x2, z, zdir='y', offset=6, cmap="rainbow")  # ç”Ÿæˆyæ–¹å‘æŠ•å½±ï¼ŒæŠ•åˆ°x-zå¹³é¢
        ax4.contourf(x1, x2, z, zdir='y', offset=6, cmap="rainbow")  # ç”Ÿæˆyæ–¹å‘æŠ•å½±å¡«å……ï¼ŒæŠ•åˆ°x-zå¹³é¢ï¼Œcontourf()å‡½æ•°
        ax4.scatter(min_x1,min_x2,min_z,c='r')
        # è®¾å®šæ˜¾ç¤ºèŒƒå›´
        ax4.set_xlabel('X')
        ax4.set_ylabel('Y')
        ax4.set_zlabel('Z')
        plt.show()

    # å¼€å§‹
    def start(self):
        times = int(input("è¯·è¾“å…¥éœ€è¦éšæœºä¼˜åŒ–çš„æ¬¡æ•°ï¼š"))
        alpha = float(input("è¯·è¾“å…¥éšæœºä¼˜åŒ–çš„æ­¥é•¿"))
        z = self.data()
        start_time = time.time()
        for i in range(times):
            answer = self.snt(self.x1,self.x2,z,alpha)
            self.answers.append(answer)
        min_answer = np.array(self.answers)
        for i in range(times):
            self.min_answer_z.append((1-min_answer[i,0,0])**2+(min_answer[i,1,0]-min_answer[i,0,0]**2)**2)
        optimal_z = np.min(np.array(self.min_answer_z))
        optimal_z_index = np.argmin(np.array(self.min_answer_z))
        optimal_x1,optimal_x2 = min_answer[optimal_z_index,0,0],min_answer[optimal_z_index,1,0]
        end_time = time.time()
        running_time = end_time-start_time
        print("ä¼˜åŒ–çš„æ—¶é—´:%.2fç§’!" % running_time)
        self.plot_data(optimal_x1,optimal_x2,optimal_z)
if __name__ == '__main__':
    snt = Rosenbrock()
    snt.start()
------------------

[0;31m---------------------------------------------------------------------------[0m
[0;31mStdinNotImplementedError[0m                  Traceback (most recent call last)
[0;32m/tmp/ipykernel_18795/1257372207.py[0m in [0;36m<module>[0;34m[0m
[1;32m     83[0m [0;32mif[0m [0m__name__[0m [0;34m==[0m [0;34m'__main__'[0m[0;34m:[0m[0;34m[0m[0;34m[0m[0m
[1;32m     84[0m     [0msnt[0m [0;34m=[0m [0mRosenbrock[0m[0;34m([0m[0;34m)[0m[0;34m[0m[0;34m[0m[0m
[0;32m---> 85[0;31m     [0msnt[0m[0;34m.[0m[0mstart[0m[0;34m([0m[0;34m)[0m[0;34m[0m[0;34m[0m[0m
[0m
[0;32m/tmp/ipykernel_18795/1257372207.py[0m in [0;36mstart[0;34m(self)[0m
[1;32m     64[0m     [0;31m# å¼€å§‹[0m[0;34m[0m[0;34m[0m[0m
[1;32m     65[0m     [0;32mdef[0m [0mstart[0m[0;34m([0m[0mself[0m[0;34m)[0m[0;34m:[0m[0;34m[0m[0;34m[0m[0m
[0;32m---> 66[0;31m         [0mtimes[0m [0;34m=[0m [0mint[0m[0;34m([0m[0minput[0m[0;34m([0m[0;34m"è¯·è¾“å…¥éœ€è¦éšæœºä¼˜åŒ–çš„æ¬¡æ•°ï¼š"[0m[0;34m)[0m[0;34m)[0m[0;34m[0m[0;34m[0m[0m
[0m[1;32m     67[0m         [0malpha[0m [0;34m=[0m [0mfloat[0m[0;34m([0m[0minput[0m[0;34m([0m[0;34m"è¯·è¾“å…¥éšæœºä¼˜åŒ–çš„æ­¥é•¿"[0m[0;34m)[0m[0;34m)[0m[0;34m[0m[0;34m[0m[0m
[1;32m     68[0m         [0mz[0m [0;34m=[0m [0mself[0m[0;34m.[0m[0mdata[0m[0;34m([0m[0;34m)[0m[0;34m[0m[0;34m[0m[0m

[0;32m/opt/conda/lib/python3.9/site-packages/ipykernel/kernelbase.py[0m in [0;36mraw_input[0;34m(self, prompt)[0m
[1;32m   1001[0m         """
[1;32m   1002[0m         [0;32mif[0m [0;32mnot[0m [0mself[0m[0;34m.[0m[0m_allow_stdin[0m[0;34m:[0m[0;34m[0m[0;34m[0m[0m
[0;32m-> 1003[0;31m             raise StdinNotImplementedError(
[0m[1;32m   1004[0m                 [0;34m"raw_input was called, but this frontend does not support input requests."[0m[0;34m[0m[0;34m[0m[0m
[1;32m   1005[0m             )

[0;31mStdinNotImplementedError[0m: raw_input was called, but this frontend does not support input requests.
StdinNotImplementedError: raw_input was called, but this frontend does not support input requests.

